********************************************************************************
* Unified simulation Tcl App stack trace dump
*
* File: .usf.tcl_error.log (Fri Oct 27 10:52:02 2023)
*
* This file is generated by the unified simulation automation and contains the
* tcl stack trace of error returned by the simulator App for the current run.
*
********************************************************************************
ERROR: [Common 17-162] Invalid option value specified for '-files'.

    while executing
"extract_files -base_dir "$tmp_dir" [get_files -quiet -all ${ip_name}.xcix]"
    ("foreach" body line 35)
    invoked from within
"foreach ip [get_ips -all -quiet] {
    set ip_name [get_property name $ip]
    set ip_file [get_property ip_file $ip]
    set ip_dir [get_property ip_..."
    (procedure "xcs_find_sv_pkg_libs" line 15)
    invoked from within
"xcs_find_sv_pkg_libs $a_sim_vars(s_launch_dir) $a_sim_vars(b_int_sm_lib_ref_debug)"
    (procedure "usf_xsim_setup_simulation" line 112)
    invoked from within
"usf_xsim_setup_simulation"
    (procedure "tclapp::xilinx::xsim::setup" line 24)
    invoked from within
"tclapp::xilinx::xsim::setup { -simset sim_1 -mode behavioral -run_dir D:/ADAM_LAB/IZ_Neuron_FPGA/FPGA_Implementation/DG_granule_model/DG_granule_model..."
