Vivado Simulator v2021.2
Copyright 1986-1999, 2001-2021 Xilinx, Inc. All Rights Reserved.
Running: C:/Xilinx/Vivado/2021.2/bin/unwrapped/win64.o/xelab.exe --incr --debug typical --relax --mt 32 -L xil_defaultlib -L unisims_ver -L secureip --snapshot DG_granule_model_tb_func_impl xil_defaultlib.DG_granule_model_tb xil_defaultlib.glbl -log elaborate.log 
Using 32 slave threads.
Starting static elaboration
Pass Through NonSizing Optimizer
Completed static elaboration
Starting simulation data flow analysis
Completed simulation data flow analysis
Time Resolution for simulation is 1ps
Compiling module unisims_ver.BUFG
Compiling module unisims_ver.IBUF
Compiling module unisims_ver.x_lut3_mux8
Compiling module unisims_ver.LUT3
Compiling module unisims_ver.x_lut2_mux4
Compiling module unisims_ver.LUT2
Compiling module unisims_ver.LUT5
Compiling module unisims_ver.LUT6
Compiling module unisims_ver.FDRE_default
Compiling module unisims_ver.OBUF
Compiling module unisims_ver.LUT4
Compiling module unisims_ver.CARRY4
Compiling module unisims_ver.x_lut1_mux2
Compiling module unisims_ver.LUT1
Compiling module unisims_ver.DSP48E1(ACASCREG=0,ADREG=0,ALUMO...
Compiling module unisims_ver.DSP48E1(ACASCREG=0,ADREG=0,ALUMO...
Compiling module unisims_ver.DSP48E1(ACASCREG=0,ADREG=0,ALUMO...
Compiling module unisims_ver.DSP48E1(ACASCREG=0,ADREG=0,ALUMO...
Compiling module unisims_ver.GND
Compiling module xil_defaultlib.double_mul
Compiling module unisims_ver.MUXF7
Compiling module unisims_ver.MUXF8
Compiling module unisims_ver.DSP48E1(ACASCREG=0,ADREG=0,ALUMO...
Compiling module xil_defaultlib.double_sub
Compiling module xil_defaultlib.double_mul_HD6
Compiling module xil_defaultlib.double_div
Compiling module xil_defaultlib.double_mul_HD38
Compiling module xil_defaultlib.double_mul_HD70
Compiling module unisims_ver.VCC
Compiling module xil_defaultlib.double_add
Compiling module xil_defaultlib.double_add_HD298
Compiling module unisims_ver.FDCE_default
Compiling module xil_defaultlib.double_compare
Compiling module xil_defaultlib.double_sub_HD169
Compiling module xil_defaultlib.double_sub_HD211
Compiling module xil_defaultlib.double_add_HD340
Compiling module unisims_ver.FDPE_default
Compiling module xil_defaultlib.double_mul_HD102
Compiling module xil_defaultlib.double_mul_HD134
Compiling module xil_defaultlib.double_sub_HD253
Compiling module xil_defaultlib.double_add_HD382
Compiling module xil_defaultlib.Izhikevich_model
Compiling module xil_defaultlib.DG_granule_model
Compiling module xil_defaultlib.DG_granule_model_tb
Compiling module xil_defaultlib.glbl
Built simulation snapshot DG_granule_model_tb_func_impl
