INFO: [VRFC 10-2263] Analyzing Verilog file "D:/ADAM_LAB/IZ_Neuron_FPGA/FPGA_Implementation/DG_granule_model/DG_granule_model.sim/sim_1/impl/func/xsim/DG_granule_model_tb_func_impl.v" into library xil_defaultlib
INFO: [VRFC 10-311] analyzing module DG_granule_model
INFO: [VRFC 10-311] analyzing module Izhikevich_model_pipeline_multiple
INFO: [VRFC 10-311] analyzing module clk_33_3
INFO: [VRFC 10-311] analyzing module clk_33_3_clk_wiz
INFO: [VRFC 10-311] analyzing module double_add
INFO: [VRFC 10-311] analyzing module double_add_HD234
INFO: [VRFC 10-311] analyzing module double_add_HD273
INFO: [VRFC 10-311] analyzing module double_compare
INFO: [VRFC 10-311] analyzing module double_div
INFO: [VRFC 10-311] analyzing module double_mul
INFO: [VRFC 10-311] analyzing module double_mul_HD104
INFO: [VRFC 10-311] analyzing module double_mul_HD136
INFO: [VRFC 10-311] analyzing module double_mul_HD168
INFO: [VRFC 10-311] analyzing module double_mul_HD200
INFO: [VRFC 10-311] analyzing module double_mul_HD40
INFO: [VRFC 10-311] analyzing module double_mul_HD72
INFO: [VRFC 10-311] analyzing module double_mul_HD8
INFO: [VRFC 10-311] analyzing module double_sub
INFO: [VRFC 10-311] analyzing module double_sub_HD316
INFO: [VRFC 10-311] analyzing module double_sub_HD355
INFO: [VRFC 10-311] analyzing module double_sub_HD394
INFO: [VRFC 10-311] analyzing module double_sub_HD433
INFO: [VRFC 10-311] analyzing module led_spikes
INFO: [VRFC 10-311] analyzing module double_add_addsub
INFO: [VRFC 10-311] analyzing module double_add_addsub_HD244
INFO: [VRFC 10-311] analyzing module double_add_addsub_HD283
INFO: [VRFC 10-311] analyzing module double_add_addsub_logic
INFO: [VRFC 10-311] analyzing module double_add_addsub_logic_HD245
INFO: [VRFC 10-311] analyzing module double_add_addsub_logic_HD284
INFO: [VRFC 10-311] analyzing module double_add_align_add
INFO: [VRFC 10-311] analyzing module double_add_align_add_HD239
INFO: [VRFC 10-311] analyzing module double_add_align_add_HD278
INFO: [VRFC 10-311] analyzing module double_add_alignment
INFO: [VRFC 10-311] analyzing module double_add_alignment_HD240
INFO: [VRFC 10-311] analyzing module double_add_alignment_HD279
INFO: [VRFC 10-311] analyzing module double_add_carry_chain
INFO: [VRFC 10-311] analyzing module double_add_carry_chain_HD243
INFO: [VRFC 10-311] analyzing module double_add_carry_chain_HD282
INFO: [VRFC 10-311] analyzing module double_add_carry_chain__parameterized0
INFO: [VRFC 10-311] analyzing module double_add_carry_chain__parameterized0_HD246
INFO: [VRFC 10-311] analyzing module double_add_carry_chain__parameterized0_HD285
INFO: [VRFC 10-311] analyzing module double_add_carry_chain__parameterized1
INFO: [VRFC 10-311] analyzing module double_add_carry_chain__parameterized10
INFO: [VRFC 10-311] analyzing module double_add_carry_chain__parameterized10_HD260
INFO: [VRFC 10-311] analyzing module double_add_carry_chain__parameterized10_HD299
INFO: [VRFC 10-311] analyzing module double_add_carry_chain__parameterized11
INFO: [VRFC 10-311] analyzing module double_add_carry_chain__parameterized11_HD255
INFO: [VRFC 10-311] analyzing module double_add_carry_chain__parameterized11_HD294
INFO: [VRFC 10-311] analyzing module double_add_carry_chain__parameterized1_HD247
INFO: [VRFC 10-311] analyzing module double_add_carry_chain__parameterized1_HD286
INFO: [VRFC 10-311] analyzing module double_add_carry_chain__parameterized2
INFO: [VRFC 10-311] analyzing module double_add_carry_chain__parameterized3
INFO: [VRFC 10-311] analyzing module double_add_carry_chain__parameterized3_HD266
INFO: [VRFC 10-311] analyzing module double_add_carry_chain__parameterized3_HD305
INFO: [VRFC 10-311] analyzing module double_add_carry_chain__parameterized4
INFO: [VRFC 10-311] analyzing module double_add_carry_chain__parameterized4_HD271
INFO: [VRFC 10-311] analyzing module double_add_carry_chain__parameterized4_HD310
INFO: [VRFC 10-311] analyzing module double_add_carry_chain__parameterized5
INFO: [VRFC 10-311] analyzing module double_add_carry_chain__parameterized5_HD268
INFO: [VRFC 10-311] analyzing module double_add_carry_chain__parameterized5_HD307
INFO: [VRFC 10-311] analyzing module double_add_carry_chain__parameterized6
INFO: [VRFC 10-311] analyzing module double_add_carry_chain__parameterized6_HD269
INFO: [VRFC 10-311] analyzing module double_add_carry_chain__parameterized6_HD308
INFO: [VRFC 10-311] analyzing module double_add_carry_chain__parameterized8
INFO: [VRFC 10-311] analyzing module double_add_carry_chain__parameterized8_4
INFO: [VRFC 10-311] analyzing module double_add_carry_chain__parameterized8_4_HD251
INFO: [VRFC 10-311] analyzing module double_add_carry_chain__parameterized8_4_HD290
INFO: [VRFC 10-311] analyzing module double_add_carry_chain__parameterized8_HD254
INFO: [VRFC 10-311] analyzing module double_add_carry_chain__parameterized8_HD293
INFO: [VRFC 10-311] analyzing module double_add_carry_chain__parameterized9
INFO: [VRFC 10-311] analyzing module double_add_carry_chain__parameterized9_2
INFO: [VRFC 10-311] analyzing module double_add_carry_chain__parameterized9_2_HD258
INFO: [VRFC 10-311] analyzing module double_add_carry_chain__parameterized9_2_HD297
INFO: [VRFC 10-311] analyzing module double_add_carry_chain__parameterized9_HD262
INFO: [VRFC 10-311] analyzing module double_add_carry_chain__parameterized9_HD301
INFO: [VRFC 10-311] analyzing module double_add_compare
INFO: [VRFC 10-311] analyzing module double_add_compare_HD256
INFO: [VRFC 10-311] analyzing module double_add_compare_HD295
INFO: [VRFC 10-311] analyzing module double_add_compare_eq
INFO: [VRFC 10-311] analyzing module double_add_compare_eq_HD259
INFO: [VRFC 10-311] analyzing module double_add_compare_eq_HD298
INFO: [VRFC 10-311] analyzing module double_add_compare_eq_im
INFO: [VRFC 10-311] analyzing module double_add_compare_eq_im_HD242
INFO: [VRFC 10-311] analyzing module double_add_compare_eq_im_HD281
INFO: [VRFC 10-311] analyzing module double_add_compare_eq_im__parameterized0
INFO: [VRFC 10-311] analyzing module double_add_compare_eq_im__parameterized0_3
INFO: [VRFC 10-311] analyzing module double_add_compare_eq_im__parameterized0_3_HD250
INFO: [VRFC 10-311] analyzing module double_add_compare_eq_im__parameterized0_3_HD289
INFO: [VRFC 10-311] analyzing module double_add_compare_eq_im__parameterized0_HD253
INFO: [VRFC 10-311] analyzing module double_add_compare_eq_im__parameterized0_HD292
INFO: [VRFC 10-311] analyzing module double_add_compare_gt
INFO: [VRFC 10-311] analyzing module double_add_compare_gt_1
INFO: [VRFC 10-311] analyzing module double_add_compare_gt_1_HD261
INFO: [VRFC 10-311] analyzing module double_add_compare_gt_1_HD300
INFO: [VRFC 10-311] analyzing module double_add_compare_gt_HD257
INFO: [VRFC 10-311] analyzing module double_add_compare_gt_HD296
INFO: [VRFC 10-311] analyzing module double_add_floating_point_v7_1_13
INFO: [VRFC 10-311] analyzing module double_add_floating_point_v7_1_13_HD235
INFO: [VRFC 10-311] analyzing module double_add_floating_point_v7_1_13_HD274
INFO: [VRFC 10-311] analyzing module double_add_floating_point_v7_1_13_viv
INFO: [VRFC 10-311] analyzing module double_add_floating_point_v7_1_13_viv_HD236
INFO: [VRFC 10-311] analyzing module double_add_floating_point_v7_1_13_viv_HD275
INFO: [VRFC 10-311] analyzing module double_add_flt_add
INFO: [VRFC 10-311] analyzing module double_add_flt_add_HD237
INFO: [VRFC 10-311] analyzing module double_add_flt_add_HD276
INFO: [VRFC 10-311] analyzing module double_add_flt_add_exp
INFO: [VRFC 10-311] analyzing module double_add_flt_add_exp_HD248
INFO: [VRFC 10-311] analyzing module double_add_flt_add_exp_HD287
INFO: [VRFC 10-311] analyzing module double_add_flt_add_logic
INFO: [VRFC 10-311] analyzing module double_add_flt_add_logic_HD238
INFO: [VRFC 10-311] analyzing module double_add_flt_add_logic_HD277
INFO: [VRFC 10-311] analyzing module double_add_flt_dec_op
INFO: [VRFC 10-311] analyzing module double_add_flt_dec_op_HD272
INFO: [VRFC 10-311] analyzing module double_add_flt_round_bit
INFO: [VRFC 10-311] analyzing module double_add_flt_round_bit_HD270
INFO: [VRFC 10-311] analyzing module double_add_flt_round_bit_HD309
INFO: [VRFC 10-311] analyzing module double_add_lead_zero_encode
INFO: [VRFC 10-311] analyzing module double_add_lead_zero_encode_HD264
INFO: [VRFC 10-311] analyzing module double_add_lead_zero_encode_HD303
INFO: [VRFC 10-311] analyzing module double_add_norm_and_round_logic
INFO: [VRFC 10-311] analyzing module double_add_norm_and_round_logic_HD263
INFO: [VRFC 10-311] analyzing module double_add_norm_and_round_logic_HD302
INFO: [VRFC 10-311] analyzing module double_add_renorm_and_round_logic
INFO: [VRFC 10-311] analyzing module double_add_renorm_and_round_logic_HD267
INFO: [VRFC 10-311] analyzing module double_add_renorm_and_round_logic_HD306
INFO: [VRFC 10-311] analyzing module double_add_special_detect
INFO: [VRFC 10-311] analyzing module double_add_special_detect_0
INFO: [VRFC 10-311] analyzing module double_add_special_detect_0_HD252
INFO: [VRFC 10-311] analyzing module double_add_special_detect_0_HD291
INFO: [VRFC 10-311] analyzing module double_add_special_detect_HD249
INFO: [VRFC 10-311] analyzing module double_add_special_detect_HD288
INFO: [VRFC 10-311] analyzing module double_add_zero_det_sel
INFO: [VRFC 10-311] analyzing module double_add_zero_det_sel_HD241
INFO: [VRFC 10-311] analyzing module double_add_zero_det_sel_HD280
INFO: [VRFC 10-311] analyzing module double_compare_carry_chain__parameterized0_2
INFO: [VRFC 10-311] analyzing module double_compare_carry_chain__parameterized1_3
INFO: [VRFC 10-311] analyzing module double_compare_carry_chain__parameterized2
INFO: [VRFC 10-311] analyzing module double_compare_carry_chain__parameterized3
INFO: [VRFC 10-311] analyzing module double_compare_compare_eq
INFO: [VRFC 10-311] analyzing module double_compare_compare_eq_im__parameterized0
INFO: [VRFC 10-311] analyzing module double_compare_compare_gt
INFO: [VRFC 10-311] analyzing module double_compare_compare_ne_im
INFO: [VRFC 10-311] analyzing module double_compare_floating_point_v7_1_13
INFO: [VRFC 10-311] analyzing module double_compare_floating_point_v7_1_13_viv
INFO: [VRFC 10-311] analyzing module double_compare_fp_cmp
INFO: [VRFC 10-311] analyzing module double_div_carry_chain
INFO: [VRFC 10-311] analyzing module double_div_carry_chain_100
INFO: [VRFC 10-311] analyzing module double_div_carry_chain_101
INFO: [VRFC 10-311] analyzing module double_div_carry_chain_102
INFO: [VRFC 10-311] analyzing module double_div_carry_chain_103
INFO: [VRFC 10-311] analyzing module double_div_carry_chain_104
INFO: [VRFC 10-311] analyzing module double_div_carry_chain_105
INFO: [VRFC 10-311] analyzing module double_div_carry_chain_106
INFO: [VRFC 10-311] analyzing module double_div_carry_chain_107
INFO: [VRFC 10-311] analyzing module double_div_carry_chain_54
INFO: [VRFC 10-311] analyzing module double_div_carry_chain_55
INFO: [VRFC 10-311] analyzing module double_div_carry_chain_56
INFO: [VRFC 10-311] analyzing module double_div_carry_chain_57
INFO: [VRFC 10-311] analyzing module double_div_carry_chain_59
INFO: [VRFC 10-311] analyzing module double_div_carry_chain_60
INFO: [VRFC 10-311] analyzing module double_div_carry_chain_61
INFO: [VRFC 10-311] analyzing module double_div_carry_chain_62
INFO: [VRFC 10-311] analyzing module double_div_carry_chain_63
INFO: [VRFC 10-311] analyzing module double_div_carry_chain_64
INFO: [VRFC 10-311] analyzing module double_div_carry_chain_65
INFO: [VRFC 10-311] analyzing module double_div_carry_chain_66
INFO: [VRFC 10-311] analyzing module double_div_carry_chain_67
INFO: [VRFC 10-311] analyzing module double_div_carry_chain_68
INFO: [VRFC 10-311] analyzing module double_div_carry_chain_69
INFO: [VRFC 10-311] analyzing module double_div_carry_chain_70
INFO: [VRFC 10-311] analyzing module double_div_carry_chain_71
INFO: [VRFC 10-311] analyzing module double_div_carry_chain_72
INFO: [VRFC 10-311] analyzing module double_div_carry_chain_73
INFO: [VRFC 10-311] analyzing module double_div_carry_chain_74
INFO: [VRFC 10-311] analyzing module double_div_carry_chain_75
INFO: [VRFC 10-311] analyzing module double_div_carry_chain_76
INFO: [VRFC 10-311] analyzing module double_div_carry_chain_77
INFO: [VRFC 10-311] analyzing module double_div_carry_chain_78
INFO: [VRFC 10-311] analyzing module double_div_carry_chain_79
INFO: [VRFC 10-311] analyzing module double_div_carry_chain_80
INFO: [VRFC 10-311] analyzing module double_div_carry_chain_81
INFO: [VRFC 10-311] analyzing module double_div_carry_chain_82
INFO: [VRFC 10-311] analyzing module double_div_carry_chain_83
INFO: [VRFC 10-311] analyzing module double_div_carry_chain_84
INFO: [VRFC 10-311] analyzing module double_div_carry_chain_85
INFO: [VRFC 10-311] analyzing module double_div_carry_chain_86
INFO: [VRFC 10-311] analyzing module double_div_carry_chain_87
INFO: [VRFC 10-311] analyzing module double_div_carry_chain_88
INFO: [VRFC 10-311] analyzing module double_div_carry_chain_89
INFO: [VRFC 10-311] analyzing module double_div_carry_chain_90
INFO: [VRFC 10-311] analyzing module double_div_carry_chain_91
INFO: [VRFC 10-311] analyzing module double_div_carry_chain_92
INFO: [VRFC 10-311] analyzing module double_div_carry_chain_93
INFO: [VRFC 10-311] analyzing module double_div_carry_chain_94
INFO: [VRFC 10-311] analyzing module double_div_carry_chain_95
INFO: [VRFC 10-311] analyzing module double_div_carry_chain_96
INFO: [VRFC 10-311] analyzing module double_div_carry_chain_97
INFO: [VRFC 10-311] analyzing module double_div_carry_chain_98
INFO: [VRFC 10-311] analyzing module double_div_carry_chain_99
INFO: [VRFC 10-311] analyzing module double_div_carry_chain__parameterized0
INFO: [VRFC 10-311] analyzing module double_div_carry_chain__parameterized1
INFO: [VRFC 10-311] analyzing module double_div_carry_chain__parameterized2
INFO: [VRFC 10-311] analyzing module double_div_carry_chain__parameterized3
INFO: [VRFC 10-311] analyzing module double_div_floating_point_v7_1_13
INFO: [VRFC 10-311] analyzing module double_div_floating_point_v7_1_13_viv
INFO: [VRFC 10-311] analyzing module double_div_flt_dec_op_lat
INFO: [VRFC 10-311] analyzing module double_div_flt_div
INFO: [VRFC 10-311] analyzing module double_div_flt_div_exp
INFO: [VRFC 10-311] analyzing module double_div_flt_div_mant
INFO: [VRFC 10-311] analyzing module double_div_flt_div_mant_addsub
INFO: [VRFC 10-311] analyzing module double_div_flt_div_mant_addsub_0
INFO: [VRFC 10-311] analyzing module double_div_flt_div_mant_addsub_1
INFO: [VRFC 10-311] analyzing module double_div_flt_div_mant_addsub_10
INFO: [VRFC 10-311] analyzing module double_div_flt_div_mant_addsub_11
INFO: [VRFC 10-311] analyzing module double_div_flt_div_mant_addsub_12
INFO: [VRFC 10-311] analyzing module double_div_flt_div_mant_addsub_13
INFO: [VRFC 10-311] analyzing module double_div_flt_div_mant_addsub_14
INFO: [VRFC 10-311] analyzing module double_div_flt_div_mant_addsub_15
INFO: [VRFC 10-311] analyzing module double_div_flt_div_mant_addsub_16
INFO: [VRFC 10-311] analyzing module double_div_flt_div_mant_addsub_17
INFO: [VRFC 10-311] analyzing module double_div_flt_div_mant_addsub_18
INFO: [VRFC 10-311] analyzing module double_div_flt_div_mant_addsub_19
INFO: [VRFC 10-311] analyzing module double_div_flt_div_mant_addsub_2
INFO: [VRFC 10-311] analyzing module double_div_flt_div_mant_addsub_20
INFO: [VRFC 10-311] analyzing module double_div_flt_div_mant_addsub_21
INFO: [VRFC 10-311] analyzing module double_div_flt_div_mant_addsub_22
INFO: [VRFC 10-311] analyzing module double_div_flt_div_mant_addsub_23
INFO: [VRFC 10-311] analyzing module double_div_flt_div_mant_addsub_24
INFO: [VRFC 10-311] analyzing module double_div_flt_div_mant_addsub_25
INFO: [VRFC 10-311] analyzing module double_div_flt_div_mant_addsub_26
INFO: [VRFC 10-311] analyzing module double_div_flt_div_mant_addsub_27
INFO: [VRFC 10-311] analyzing module double_div_flt_div_mant_addsub_28
INFO: [VRFC 10-311] analyzing module double_div_flt_div_mant_addsub_29
INFO: [VRFC 10-311] analyzing module double_div_flt_div_mant_addsub_3
INFO: [VRFC 10-311] analyzing module double_div_flt_div_mant_addsub_30
INFO: [VRFC 10-311] analyzing module double_div_flt_div_mant_addsub_31
INFO: [VRFC 10-311] analyzing module double_div_flt_div_mant_addsub_32
INFO: [VRFC 10-311] analyzing module double_div_flt_div_mant_addsub_33
INFO: [VRFC 10-311] analyzing module double_div_flt_div_mant_addsub_34
INFO: [VRFC 10-311] analyzing module double_div_flt_div_mant_addsub_35
INFO: [VRFC 10-311] analyzing module double_div_flt_div_mant_addsub_36
INFO: [VRFC 10-311] analyzing module double_div_flt_div_mant_addsub_37
INFO: [VRFC 10-311] analyzing module double_div_flt_div_mant_addsub_38
INFO: [VRFC 10-311] analyzing module double_div_flt_div_mant_addsub_39
INFO: [VRFC 10-311] analyzing module double_div_flt_div_mant_addsub_4
INFO: [VRFC 10-311] analyzing module double_div_flt_div_mant_addsub_40
INFO: [VRFC 10-311] analyzing module double_div_flt_div_mant_addsub_41
INFO: [VRFC 10-311] analyzing module double_div_flt_div_mant_addsub_42
INFO: [VRFC 10-311] analyzing module double_div_flt_div_mant_addsub_43
INFO: [VRFC 10-311] analyzing module double_div_flt_div_mant_addsub_44
INFO: [VRFC 10-311] analyzing module double_div_flt_div_mant_addsub_45
INFO: [VRFC 10-311] analyzing module double_div_flt_div_mant_addsub_46
INFO: [VRFC 10-311] analyzing module double_div_flt_div_mant_addsub_47
INFO: [VRFC 10-311] analyzing module double_div_flt_div_mant_addsub_49
INFO: [VRFC 10-311] analyzing module double_div_flt_div_mant_addsub_5
INFO: [VRFC 10-311] analyzing module double_div_flt_div_mant_addsub_50
INFO: [VRFC 10-311] analyzing module double_div_flt_div_mant_addsub_51
INFO: [VRFC 10-311] analyzing module double_div_flt_div_mant_addsub_52
INFO: [VRFC 10-311] analyzing module double_div_flt_div_mant_addsub_53
INFO: [VRFC 10-311] analyzing module double_div_flt_div_mant_addsub_6
INFO: [VRFC 10-311] analyzing module double_div_flt_div_mant_addsub_7
INFO: [VRFC 10-311] analyzing module double_div_flt_div_mant_addsub_8
INFO: [VRFC 10-311] analyzing module double_div_flt_div_mant_addsub_9
INFO: [VRFC 10-311] analyzing module double_div_flt_round_bit
INFO: [VRFC 10-311] analyzing module double_div_renorm_and_round_logic
INFO: [VRFC 10-311] analyzing module double_mul_carry_chain
INFO: [VRFC 10-311] analyzing module double_mul_carry_chain_HD115
INFO: [VRFC 10-311] analyzing module double_mul_carry_chain_HD147
INFO: [VRFC 10-311] analyzing module double_mul_carry_chain_HD179
INFO: [VRFC 10-311] analyzing module double_mul_carry_chain_HD19
INFO: [VRFC 10-311] analyzing module double_mul_carry_chain_HD211
INFO: [VRFC 10-311] analyzing module double_mul_carry_chain_HD51
INFO: [VRFC 10-311] analyzing module double_mul_carry_chain_HD83
INFO: [VRFC 10-311] analyzing module double_mul_carry_chain__parameterized0_4
INFO: [VRFC 10-311] analyzing module double_mul_carry_chain__parameterized0_4_HD111
INFO: [VRFC 10-311] analyzing module double_mul_carry_chain__parameterized0_4_HD143
INFO: [VRFC 10-311] analyzing module double_mul_carry_chain__parameterized0_4_HD15
INFO: [VRFC 10-311] analyzing module double_mul_carry_chain__parameterized0_4_HD175
INFO: [VRFC 10-311] analyzing module double_mul_carry_chain__parameterized0_4_HD207
INFO: [VRFC 10-311] analyzing module double_mul_carry_chain__parameterized0_4_HD47
INFO: [VRFC 10-311] analyzing module double_mul_carry_chain__parameterized0_4_HD79
INFO: [VRFC 10-311] analyzing module double_mul_carry_chain__parameterized0_HD114
INFO: [VRFC 10-311] analyzing module double_mul_carry_chain__parameterized0_HD146
INFO: [VRFC 10-311] analyzing module double_mul_carry_chain__parameterized0_HD178
INFO: [VRFC 10-311] analyzing module double_mul_carry_chain__parameterized0_HD18
INFO: [VRFC 10-311] analyzing module double_mul_carry_chain__parameterized0_HD210
INFO: [VRFC 10-311] analyzing module double_mul_carry_chain__parameterized0_HD50
INFO: [VRFC 10-311] analyzing module double_mul_carry_chain__parameterized0_HD82
INFO: [VRFC 10-311] analyzing module double_mul_carry_chain__parameterized1
INFO: [VRFC 10-311] analyzing module double_mul_carry_chain__parameterized1_HD103
INFO: [VRFC 10-311] analyzing module double_mul_carry_chain__parameterized1_HD135
INFO: [VRFC 10-311] analyzing module double_mul_carry_chain__parameterized1_HD167
INFO: [VRFC 10-311] analyzing module double_mul_carry_chain__parameterized1_HD199
INFO: [VRFC 10-311] analyzing module double_mul_carry_chain__parameterized1_HD231
INFO: [VRFC 10-311] analyzing module double_mul_carry_chain__parameterized1_HD39
INFO: [VRFC 10-311] analyzing module double_mul_carry_chain__parameterized1_HD71
INFO: [VRFC 10-311] analyzing module double_mul_carry_chain__parameterized2
INFO: [VRFC 10-311] analyzing module double_mul_carry_chain__parameterized2_0
INFO: [VRFC 10-311] analyzing module double_mul_carry_chain__parameterized2_0_HD101
INFO: [VRFC 10-311] analyzing module double_mul_carry_chain__parameterized2_0_HD133
INFO: [VRFC 10-311] analyzing module double_mul_carry_chain__parameterized2_0_HD165
INFO: [VRFC 10-311] analyzing module double_mul_carry_chain__parameterized2_0_HD197
INFO: [VRFC 10-311] analyzing module double_mul_carry_chain__parameterized2_0_HD229
INFO: [VRFC 10-311] analyzing module double_mul_carry_chain__parameterized2_0_HD37
INFO: [VRFC 10-311] analyzing module double_mul_carry_chain__parameterized2_0_HD69
INFO: [VRFC 10-311] analyzing module double_mul_carry_chain__parameterized2_HD100
INFO: [VRFC 10-311] analyzing module double_mul_carry_chain__parameterized2_HD132
INFO: [VRFC 10-311] analyzing module double_mul_carry_chain__parameterized2_HD164
INFO: [VRFC 10-311] analyzing module double_mul_carry_chain__parameterized2_HD196
INFO: [VRFC 10-311] analyzing module double_mul_carry_chain__parameterized2_HD228
INFO: [VRFC 10-311] analyzing module double_mul_carry_chain__parameterized2_HD36
INFO: [VRFC 10-311] analyzing module double_mul_carry_chain__parameterized2_HD68
INFO: [VRFC 10-311] analyzing module double_mul_compare_eq_im_3
INFO: [VRFC 10-311] analyzing module double_mul_compare_eq_im_3_HD110
INFO: [VRFC 10-311] analyzing module double_mul_compare_eq_im_3_HD14
INFO: [VRFC 10-311] analyzing module double_mul_compare_eq_im_3_HD142
INFO: [VRFC 10-311] analyzing module double_mul_compare_eq_im_3_HD174
INFO: [VRFC 10-311] analyzing module double_mul_compare_eq_im_3_HD206
INFO: [VRFC 10-311] analyzing module double_mul_compare_eq_im_3_HD46
INFO: [VRFC 10-311] analyzing module double_mul_compare_eq_im_3_HD78
INFO: [VRFC 10-311] analyzing module double_mul_compare_eq_im_HD113
INFO: [VRFC 10-311] analyzing module double_mul_compare_eq_im_HD145
INFO: [VRFC 10-311] analyzing module double_mul_compare_eq_im_HD17
INFO: [VRFC 10-311] analyzing module double_mul_compare_eq_im_HD177
INFO: [VRFC 10-311] analyzing module double_mul_compare_eq_im_HD209
INFO: [VRFC 10-311] analyzing module double_mul_compare_eq_im_HD49
INFO: [VRFC 10-311] analyzing module double_mul_compare_eq_im_HD81
INFO: [VRFC 10-311] analyzing module double_mul_dsp48e1_wrapper
INFO: [VRFC 10-311] analyzing module double_mul_dsp48e1_wrapper_1
INFO: [VRFC 10-311] analyzing module double_mul_dsp48e1_wrapper_1_HD120
INFO: [VRFC 10-311] analyzing module double_mul_dsp48e1_wrapper_1_HD152
INFO: [VRFC 10-311] analyzing module double_mul_dsp48e1_wrapper_1_HD184
INFO: [VRFC 10-311] analyzing module double_mul_dsp48e1_wrapper_1_HD216
INFO: [VRFC 10-311] analyzing module double_mul_dsp48e1_wrapper_1_HD24
INFO: [VRFC 10-311] analyzing module double_mul_dsp48e1_wrapper_1_HD56
INFO: [VRFC 10-311] analyzing module double_mul_dsp48e1_wrapper_1_HD88
INFO: [VRFC 10-311] analyzing module double_mul_dsp48e1_wrapper_HD118
INFO: [VRFC 10-311] analyzing module double_mul_dsp48e1_wrapper_HD150
INFO: [VRFC 10-311] analyzing module double_mul_dsp48e1_wrapper_HD182
INFO: [VRFC 10-311] analyzing module double_mul_dsp48e1_wrapper_HD214
INFO: [VRFC 10-311] analyzing module double_mul_dsp48e1_wrapper_HD22
INFO: [VRFC 10-311] analyzing module double_mul_dsp48e1_wrapper_HD54
INFO: [VRFC 10-311] analyzing module double_mul_dsp48e1_wrapper_HD86
INFO: [VRFC 10-311] analyzing module double_mul_dsp48e1_wrapper__parameterized0
INFO: [VRFC 10-311] analyzing module double_mul_dsp48e1_wrapper__parameterized0_HD119
INFO: [VRFC 10-311] analyzing module double_mul_dsp48e1_wrapper__parameterized0_HD151
INFO: [VRFC 10-311] analyzing module double_mul_dsp48e1_wrapper__parameterized0_HD183
INFO: [VRFC 10-311] analyzing module double_mul_dsp48e1_wrapper__parameterized0_HD215
INFO: [VRFC 10-311] analyzing module double_mul_dsp48e1_wrapper__parameterized0_HD23
INFO: [VRFC 10-311] analyzing module double_mul_dsp48e1_wrapper__parameterized0_HD55
INFO: [VRFC 10-311] analyzing module double_mul_dsp48e1_wrapper__parameterized0_HD87
INFO: [VRFC 10-311] analyzing module double_mul_dsp48e1_wrapper__parameterized1
INFO: [VRFC 10-311] analyzing module double_mul_dsp48e1_wrapper__parameterized1_HD121
INFO: [VRFC 10-311] analyzing module double_mul_dsp48e1_wrapper__parameterized1_HD153
INFO: [VRFC 10-311] analyzing module double_mul_dsp48e1_wrapper__parameterized1_HD185
INFO: [VRFC 10-311] analyzing module double_mul_dsp48e1_wrapper__parameterized1_HD217
INFO: [VRFC 10-311] analyzing module double_mul_dsp48e1_wrapper__parameterized1_HD25
INFO: [VRFC 10-311] analyzing module double_mul_dsp48e1_wrapper__parameterized1_HD57
INFO: [VRFC 10-311] analyzing module double_mul_dsp48e1_wrapper__parameterized1_HD89
INFO: [VRFC 10-311] analyzing module double_mul_dsp48e1_wrapper__parameterized2
INFO: [VRFC 10-311] analyzing module double_mul_dsp48e1_wrapper__parameterized2_HD122
INFO: [VRFC 10-311] analyzing module double_mul_dsp48e1_wrapper__parameterized2_HD154
INFO: [VRFC 10-311] analyzing module double_mul_dsp48e1_wrapper__parameterized2_HD186
INFO: [VRFC 10-311] analyzing module double_mul_dsp48e1_wrapper__parameterized2_HD218
INFO: [VRFC 10-311] analyzing module double_mul_dsp48e1_wrapper__parameterized2_HD26
INFO: [VRFC 10-311] analyzing module double_mul_dsp48e1_wrapper__parameterized2_HD58
INFO: [VRFC 10-311] analyzing module double_mul_dsp48e1_wrapper__parameterized2_HD90
INFO: [VRFC 10-311] analyzing module double_mul_dsp48e1_wrapper__parameterized3
INFO: [VRFC 10-311] analyzing module double_mul_dsp48e1_wrapper__parameterized3_HD123
INFO: [VRFC 10-311] analyzing module double_mul_dsp48e1_wrapper__parameterized3_HD155
INFO: [VRFC 10-311] analyzing module double_mul_dsp48e1_wrapper__parameterized3_HD187
INFO: [VRFC 10-311] analyzing module double_mul_dsp48e1_wrapper__parameterized3_HD219
INFO: [VRFC 10-311] analyzing module double_mul_dsp48e1_wrapper__parameterized3_HD27
INFO: [VRFC 10-311] analyzing module double_mul_dsp48e1_wrapper__parameterized3_HD59
INFO: [VRFC 10-311] analyzing module double_mul_dsp48e1_wrapper__parameterized3_HD91
INFO: [VRFC 10-311] analyzing module double_mul_dsp48e1_wrapper__parameterized4
INFO: [VRFC 10-311] analyzing module double_mul_dsp48e1_wrapper__parameterized4_HD124
INFO: [VRFC 10-311] analyzing module double_mul_dsp48e1_wrapper__parameterized4_HD156
INFO: [VRFC 10-311] analyzing module double_mul_dsp48e1_wrapper__parameterized4_HD188
INFO: [VRFC 10-311] analyzing module double_mul_dsp48e1_wrapper__parameterized4_HD220
INFO: [VRFC 10-311] analyzing module double_mul_dsp48e1_wrapper__parameterized4_HD28
INFO: [VRFC 10-311] analyzing module double_mul_dsp48e1_wrapper__parameterized4_HD60
INFO: [VRFC 10-311] analyzing module double_mul_dsp48e1_wrapper__parameterized4_HD92
INFO: [VRFC 10-311] analyzing module double_mul_dsp48e1_wrapper__parameterized5
INFO: [VRFC 10-311] analyzing module double_mul_dsp48e1_wrapper__parameterized5_HD125
INFO: [VRFC 10-311] analyzing module double_mul_dsp48e1_wrapper__parameterized5_HD157
INFO: [VRFC 10-311] analyzing module double_mul_dsp48e1_wrapper__parameterized5_HD189
INFO: [VRFC 10-311] analyzing module double_mul_dsp48e1_wrapper__parameterized5_HD221
INFO: [VRFC 10-311] analyzing module double_mul_dsp48e1_wrapper__parameterized5_HD29
INFO: [VRFC 10-311] analyzing module double_mul_dsp48e1_wrapper__parameterized5_HD61
INFO: [VRFC 10-311] analyzing module double_mul_dsp48e1_wrapper__parameterized5_HD93
INFO: [VRFC 10-311] analyzing module double_mul_dsp48e1_wrapper__parameterized6
INFO: [VRFC 10-311] analyzing module double_mul_dsp48e1_wrapper__parameterized6_HD126
INFO: [VRFC 10-311] analyzing module double_mul_dsp48e1_wrapper__parameterized6_HD158
INFO: [VRFC 10-311] analyzing module double_mul_dsp48e1_wrapper__parameterized6_HD190
INFO: [VRFC 10-311] analyzing module double_mul_dsp48e1_wrapper__parameterized6_HD222
INFO: [VRFC 10-311] analyzing module double_mul_dsp48e1_wrapper__parameterized6_HD30
INFO: [VRFC 10-311] analyzing module double_mul_dsp48e1_wrapper__parameterized6_HD62
INFO: [VRFC 10-311] analyzing module double_mul_dsp48e1_wrapper__parameterized6_HD94
INFO: [VRFC 10-311] analyzing module double_mul_dsp48e1_wrapper__parameterized7
INFO: [VRFC 10-311] analyzing module double_mul_dsp48e1_wrapper__parameterized7_HD127
INFO: [VRFC 10-311] analyzing module double_mul_dsp48e1_wrapper__parameterized7_HD159
INFO: [VRFC 10-311] analyzing module double_mul_dsp48e1_wrapper__parameterized7_HD191
INFO: [VRFC 10-311] analyzing module double_mul_dsp48e1_wrapper__parameterized7_HD223
INFO: [VRFC 10-311] analyzing module double_mul_dsp48e1_wrapper__parameterized7_HD31
INFO: [VRFC 10-311] analyzing module double_mul_dsp48e1_wrapper__parameterized7_HD63
INFO: [VRFC 10-311] analyzing module double_mul_dsp48e1_wrapper__parameterized7_HD95
INFO: [VRFC 10-311] analyzing module double_mul_dsp48e1_wrapper__parameterized8
INFO: [VRFC 10-311] analyzing module double_mul_dsp48e1_wrapper__parameterized8_HD131
INFO: [VRFC 10-311] analyzing module double_mul_dsp48e1_wrapper__parameterized8_HD163
INFO: [VRFC 10-311] analyzing module double_mul_dsp48e1_wrapper__parameterized8_HD195
INFO: [VRFC 10-311] analyzing module double_mul_dsp48e1_wrapper__parameterized8_HD227
INFO: [VRFC 10-311] analyzing module double_mul_dsp48e1_wrapper__parameterized8_HD35
INFO: [VRFC 10-311] analyzing module double_mul_dsp48e1_wrapper__parameterized8_HD67
INFO: [VRFC 10-311] analyzing module double_mul_dsp48e1_wrapper__parameterized8_HD99
INFO: [VRFC 10-311] analyzing module double_mul_fix_mult
INFO: [VRFC 10-311] analyzing module double_mul_fix_mult_HD116
INFO: [VRFC 10-311] analyzing module double_mul_fix_mult_HD148
INFO: [VRFC 10-311] analyzing module double_mul_fix_mult_HD180
INFO: [VRFC 10-311] analyzing module double_mul_fix_mult_HD20
INFO: [VRFC 10-311] analyzing module double_mul_fix_mult_HD212
INFO: [VRFC 10-311] analyzing module double_mul_fix_mult_HD52
INFO: [VRFC 10-311] analyzing module double_mul_fix_mult_HD84
INFO: [VRFC 10-311] analyzing module double_mul_fix_mult_dsp48e1_dbl
INFO: [VRFC 10-311] analyzing module double_mul_fix_mult_dsp48e1_dbl_HD117
INFO: [VRFC 10-311] analyzing module double_mul_fix_mult_dsp48e1_dbl_HD149
INFO: [VRFC 10-311] analyzing module double_mul_fix_mult_dsp48e1_dbl_HD181
INFO: [VRFC 10-311] analyzing module double_mul_fix_mult_dsp48e1_dbl_HD21
INFO: [VRFC 10-311] analyzing module double_mul_fix_mult_dsp48e1_dbl_HD213
INFO: [VRFC 10-311] analyzing module double_mul_fix_mult_dsp48e1_dbl_HD53
INFO: [VRFC 10-311] analyzing module double_mul_fix_mult_dsp48e1_dbl_HD85
INFO: [VRFC 10-311] analyzing module double_mul_floating_point_v7_1_13
INFO: [VRFC 10-311] analyzing module double_mul_floating_point_v7_1_13_HD105
INFO: [VRFC 10-311] analyzing module double_mul_floating_point_v7_1_13_HD137
INFO: [VRFC 10-311] analyzing module double_mul_floating_point_v7_1_13_HD169
INFO: [VRFC 10-311] analyzing module double_mul_floating_point_v7_1_13_HD201
INFO: [VRFC 10-311] analyzing module double_mul_floating_point_v7_1_13_HD41
INFO: [VRFC 10-311] analyzing module double_mul_floating_point_v7_1_13_HD73
INFO: [VRFC 10-311] analyzing module double_mul_floating_point_v7_1_13_HD9
INFO: [VRFC 10-311] analyzing module double_mul_floating_point_v7_1_13_viv
INFO: [VRFC 10-311] analyzing module double_mul_floating_point_v7_1_13_viv_HD10
INFO: [VRFC 10-311] analyzing module double_mul_floating_point_v7_1_13_viv_HD106
INFO: [VRFC 10-311] analyzing module double_mul_floating_point_v7_1_13_viv_HD138
INFO: [VRFC 10-311] analyzing module double_mul_floating_point_v7_1_13_viv_HD170
INFO: [VRFC 10-311] analyzing module double_mul_floating_point_v7_1_13_viv_HD202
INFO: [VRFC 10-311] analyzing module double_mul_floating_point_v7_1_13_viv_HD42
INFO: [VRFC 10-311] analyzing module double_mul_floating_point_v7_1_13_viv_HD74
INFO: [VRFC 10-311] analyzing module double_mul_flt_dec_op_lat
INFO: [VRFC 10-311] analyzing module double_mul_flt_dec_op_lat_HD128
INFO: [VRFC 10-311] analyzing module double_mul_flt_dec_op_lat_HD160
INFO: [VRFC 10-311] analyzing module double_mul_flt_dec_op_lat_HD192
INFO: [VRFC 10-311] analyzing module double_mul_flt_dec_op_lat_HD224
INFO: [VRFC 10-311] analyzing module double_mul_flt_dec_op_lat_HD32
INFO: [VRFC 10-311] analyzing module double_mul_flt_dec_op_lat_HD64
INFO: [VRFC 10-311] analyzing module double_mul_flt_dec_op_lat_HD96
INFO: [VRFC 10-311] analyzing module double_mul_flt_mult
INFO: [VRFC 10-311] analyzing module double_mul_flt_mult_HD107
INFO: [VRFC 10-311] analyzing module double_mul_flt_mult_HD11
INFO: [VRFC 10-311] analyzing module double_mul_flt_mult_HD139
INFO: [VRFC 10-311] analyzing module double_mul_flt_mult_HD171
INFO: [VRFC 10-311] analyzing module double_mul_flt_mult_HD203
INFO: [VRFC 10-311] analyzing module double_mul_flt_mult_HD43
INFO: [VRFC 10-311] analyzing module double_mul_flt_mult_HD75
INFO: [VRFC 10-311] analyzing module double_mul_flt_mult_exp
INFO: [VRFC 10-311] analyzing module double_mul_flt_mult_exp_HD108
INFO: [VRFC 10-311] analyzing module double_mul_flt_mult_exp_HD12
INFO: [VRFC 10-311] analyzing module double_mul_flt_mult_exp_HD140
INFO: [VRFC 10-311] analyzing module double_mul_flt_mult_exp_HD172
INFO: [VRFC 10-311] analyzing module double_mul_flt_mult_exp_HD204
INFO: [VRFC 10-311] analyzing module double_mul_flt_mult_exp_HD44
INFO: [VRFC 10-311] analyzing module double_mul_flt_mult_exp_HD76
INFO: [VRFC 10-311] analyzing module double_mul_flt_mult_round
INFO: [VRFC 10-311] analyzing module double_mul_flt_mult_round_HD129
INFO: [VRFC 10-311] analyzing module double_mul_flt_mult_round_HD161
INFO: [VRFC 10-311] analyzing module double_mul_flt_mult_round_HD193
INFO: [VRFC 10-311] analyzing module double_mul_flt_mult_round_HD225
INFO: [VRFC 10-311] analyzing module double_mul_flt_mult_round_HD33
INFO: [VRFC 10-311] analyzing module double_mul_flt_mult_round_HD65
INFO: [VRFC 10-311] analyzing module double_mul_flt_mult_round_HD97
INFO: [VRFC 10-311] analyzing module double_mul_flt_round_bit
INFO: [VRFC 10-311] analyzing module double_mul_flt_round_bit_HD102
INFO: [VRFC 10-311] analyzing module double_mul_flt_round_bit_HD134
INFO: [VRFC 10-311] analyzing module double_mul_flt_round_bit_HD166
INFO: [VRFC 10-311] analyzing module double_mul_flt_round_bit_HD198
INFO: [VRFC 10-311] analyzing module double_mul_flt_round_bit_HD230
INFO: [VRFC 10-311] analyzing module double_mul_flt_round_bit_HD38
INFO: [VRFC 10-311] analyzing module double_mul_flt_round_bit_HD70
INFO: [VRFC 10-311] analyzing module double_mul_renorm_and_round_logic
INFO: [VRFC 10-311] analyzing module double_mul_renorm_and_round_logic_HD130
INFO: [VRFC 10-311] analyzing module double_mul_renorm_and_round_logic_HD162
INFO: [VRFC 10-311] analyzing module double_mul_renorm_and_round_logic_HD194
INFO: [VRFC 10-311] analyzing module double_mul_renorm_and_round_logic_HD226
INFO: [VRFC 10-311] analyzing module double_mul_renorm_and_round_logic_HD34
INFO: [VRFC 10-311] analyzing module double_mul_renorm_and_round_logic_HD66
INFO: [VRFC 10-311] analyzing module double_mul_renorm_and_round_logic_HD98
INFO: [VRFC 10-311] analyzing module double_mul_special_detect
INFO: [VRFC 10-311] analyzing module double_mul_special_detect_2_HD112
INFO: [VRFC 10-311] analyzing module double_mul_special_detect_2_HD144
INFO: [VRFC 10-311] analyzing module double_mul_special_detect_2_HD16
INFO: [VRFC 10-311] analyzing module double_mul_special_detect_2_HD176
INFO: [VRFC 10-311] analyzing module double_mul_special_detect_2_HD208
INFO: [VRFC 10-311] analyzing module double_mul_special_detect_2_HD48
INFO: [VRFC 10-311] analyzing module double_mul_special_detect_2_HD80
INFO: [VRFC 10-311] analyzing module double_mul_special_detect_HD109
INFO: [VRFC 10-311] analyzing module double_mul_special_detect_HD13
INFO: [VRFC 10-311] analyzing module double_mul_special_detect_HD141
INFO: [VRFC 10-311] analyzing module double_mul_special_detect_HD173
INFO: [VRFC 10-311] analyzing module double_mul_special_detect_HD205
INFO: [VRFC 10-311] analyzing module double_mul_special_detect_HD45
INFO: [VRFC 10-311] analyzing module double_mul_special_detect_HD77
INFO: [VRFC 10-311] analyzing module double_sub_addsub
INFO: [VRFC 10-311] analyzing module double_sub_addsub_HD326
INFO: [VRFC 10-311] analyzing module double_sub_addsub_HD365
INFO: [VRFC 10-311] analyzing module double_sub_addsub_HD404
INFO: [VRFC 10-311] analyzing module double_sub_addsub_HD443
INFO: [VRFC 10-311] analyzing module double_sub_addsub_logic
INFO: [VRFC 10-311] analyzing module double_sub_addsub_logic_HD327
INFO: [VRFC 10-311] analyzing module double_sub_addsub_logic_HD366
INFO: [VRFC 10-311] analyzing module double_sub_addsub_logic_HD405
INFO: [VRFC 10-311] analyzing module double_sub_addsub_logic_HD444
INFO: [VRFC 10-311] analyzing module double_sub_align_add
INFO: [VRFC 10-311] analyzing module double_sub_align_add_HD321
INFO: [VRFC 10-311] analyzing module double_sub_align_add_HD360
INFO: [VRFC 10-311] analyzing module double_sub_align_add_HD399
INFO: [VRFC 10-311] analyzing module double_sub_align_add_HD438
INFO: [VRFC 10-311] analyzing module double_sub_alignment
INFO: [VRFC 10-311] analyzing module double_sub_alignment_HD322
INFO: [VRFC 10-311] analyzing module double_sub_alignment_HD361
INFO: [VRFC 10-311] analyzing module double_sub_alignment_HD400
INFO: [VRFC 10-311] analyzing module double_sub_alignment_HD439
INFO: [VRFC 10-311] analyzing module double_sub_carry_chain
INFO: [VRFC 10-311] analyzing module double_sub_carry_chain_HD325
INFO: [VRFC 10-311] analyzing module double_sub_carry_chain_HD364
INFO: [VRFC 10-311] analyzing module double_sub_carry_chain_HD403
INFO: [VRFC 10-311] analyzing module double_sub_carry_chain_HD442
INFO: [VRFC 10-311] analyzing module double_sub_carry_chain__parameterized0
INFO: [VRFC 10-311] analyzing module double_sub_carry_chain__parameterized0_HD328
INFO: [VRFC 10-311] analyzing module double_sub_carry_chain__parameterized0_HD367
INFO: [VRFC 10-311] analyzing module double_sub_carry_chain__parameterized0_HD406
INFO: [VRFC 10-311] analyzing module double_sub_carry_chain__parameterized0_HD445
INFO: [VRFC 10-311] analyzing module double_sub_carry_chain__parameterized1
INFO: [VRFC 10-311] analyzing module double_sub_carry_chain__parameterized10
INFO: [VRFC 10-311] analyzing module double_sub_carry_chain__parameterized10_HD342
INFO: [VRFC 10-311] analyzing module double_sub_carry_chain__parameterized10_HD381
INFO: [VRFC 10-311] analyzing module double_sub_carry_chain__parameterized10_HD420
INFO: [VRFC 10-311] analyzing module double_sub_carry_chain__parameterized10_HD459
INFO: [VRFC 10-311] analyzing module double_sub_carry_chain__parameterized11
INFO: [VRFC 10-311] analyzing module double_sub_carry_chain__parameterized11_HD337
INFO: [VRFC 10-311] analyzing module double_sub_carry_chain__parameterized11_HD376
INFO: [VRFC 10-311] analyzing module double_sub_carry_chain__parameterized11_HD415
INFO: [VRFC 10-311] analyzing module double_sub_carry_chain__parameterized11_HD454
INFO: [VRFC 10-311] analyzing module double_sub_carry_chain__parameterized1_HD329
INFO: [VRFC 10-311] analyzing module double_sub_carry_chain__parameterized1_HD368
INFO: [VRFC 10-311] analyzing module double_sub_carry_chain__parameterized1_HD407
INFO: [VRFC 10-311] analyzing module double_sub_carry_chain__parameterized1_HD446
INFO: [VRFC 10-311] analyzing module double_sub_carry_chain__parameterized2
INFO: [VRFC 10-311] analyzing module double_sub_carry_chain__parameterized3
INFO: [VRFC 10-311] analyzing module double_sub_carry_chain__parameterized3_HD348
INFO: [VRFC 10-311] analyzing module double_sub_carry_chain__parameterized3_HD387
INFO: [VRFC 10-311] analyzing module double_sub_carry_chain__parameterized3_HD426
INFO: [VRFC 10-311] analyzing module double_sub_carry_chain__parameterized3_HD465
INFO: [VRFC 10-311] analyzing module double_sub_carry_chain__parameterized4
INFO: [VRFC 10-311] analyzing module double_sub_carry_chain__parameterized4_HD353
INFO: [VRFC 10-311] analyzing module double_sub_carry_chain__parameterized4_HD392
INFO: [VRFC 10-311] analyzing module double_sub_carry_chain__parameterized4_HD431
INFO: [VRFC 10-311] analyzing module double_sub_carry_chain__parameterized4_HD470
INFO: [VRFC 10-311] analyzing module double_sub_carry_chain__parameterized5
INFO: [VRFC 10-311] analyzing module double_sub_carry_chain__parameterized5_HD350
INFO: [VRFC 10-311] analyzing module double_sub_carry_chain__parameterized5_HD389
INFO: [VRFC 10-311] analyzing module double_sub_carry_chain__parameterized5_HD428
INFO: [VRFC 10-311] analyzing module double_sub_carry_chain__parameterized5_HD467
INFO: [VRFC 10-311] analyzing module double_sub_carry_chain__parameterized6
INFO: [VRFC 10-311] analyzing module double_sub_carry_chain__parameterized6_HD351
INFO: [VRFC 10-311] analyzing module double_sub_carry_chain__parameterized6_HD390
INFO: [VRFC 10-311] analyzing module double_sub_carry_chain__parameterized6_HD429
INFO: [VRFC 10-311] analyzing module double_sub_carry_chain__parameterized6_HD468
INFO: [VRFC 10-311] analyzing module double_sub_carry_chain__parameterized8
INFO: [VRFC 10-311] analyzing module double_sub_carry_chain__parameterized8_4
INFO: [VRFC 10-311] analyzing module double_sub_carry_chain__parameterized8_4_HD333
INFO: [VRFC 10-311] analyzing module double_sub_carry_chain__parameterized8_4_HD372
INFO: [VRFC 10-311] analyzing module double_sub_carry_chain__parameterized8_4_HD411
INFO: [VRFC 10-311] analyzing module double_sub_carry_chain__parameterized8_4_HD450
INFO: [VRFC 10-311] analyzing module double_sub_carry_chain__parameterized8_HD336
INFO: [VRFC 10-311] analyzing module double_sub_carry_chain__parameterized8_HD375
INFO: [VRFC 10-311] analyzing module double_sub_carry_chain__parameterized8_HD414
INFO: [VRFC 10-311] analyzing module double_sub_carry_chain__parameterized8_HD453
INFO: [VRFC 10-311] analyzing module double_sub_carry_chain__parameterized9
INFO: [VRFC 10-311] analyzing module double_sub_carry_chain__parameterized9_2
INFO: [VRFC 10-311] analyzing module double_sub_carry_chain__parameterized9_2_HD340
INFO: [VRFC 10-311] analyzing module double_sub_carry_chain__parameterized9_2_HD379
INFO: [VRFC 10-311] analyzing module double_sub_carry_chain__parameterized9_2_HD418
INFO: [VRFC 10-311] analyzing module double_sub_carry_chain__parameterized9_2_HD457
INFO: [VRFC 10-311] analyzing module double_sub_carry_chain__parameterized9_HD344
INFO: [VRFC 10-311] analyzing module double_sub_carry_chain__parameterized9_HD383
INFO: [VRFC 10-311] analyzing module double_sub_carry_chain__parameterized9_HD422
INFO: [VRFC 10-311] analyzing module double_sub_carry_chain__parameterized9_HD461
INFO: [VRFC 10-311] analyzing module double_sub_compare
INFO: [VRFC 10-311] analyzing module double_sub_compare_HD338
INFO: [VRFC 10-311] analyzing module double_sub_compare_HD377
INFO: [VRFC 10-311] analyzing module double_sub_compare_HD416
INFO: [VRFC 10-311] analyzing module double_sub_compare_HD455
INFO: [VRFC 10-311] analyzing module double_sub_compare_eq
INFO: [VRFC 10-311] analyzing module double_sub_compare_eq_HD341
INFO: [VRFC 10-311] analyzing module double_sub_compare_eq_HD380
INFO: [VRFC 10-311] analyzing module double_sub_compare_eq_HD419
INFO: [VRFC 10-311] analyzing module double_sub_compare_eq_HD458
INFO: [VRFC 10-311] analyzing module double_sub_compare_eq_im
INFO: [VRFC 10-311] analyzing module double_sub_compare_eq_im_HD324
INFO: [VRFC 10-311] analyzing module double_sub_compare_eq_im_HD363
INFO: [VRFC 10-311] analyzing module double_sub_compare_eq_im_HD402
INFO: [VRFC 10-311] analyzing module double_sub_compare_eq_im_HD441
INFO: [VRFC 10-311] analyzing module double_sub_compare_eq_im__parameterized0
INFO: [VRFC 10-311] analyzing module double_sub_compare_eq_im__parameterized0_3
INFO: [VRFC 10-311] analyzing module double_sub_compare_eq_im__parameterized0_3_HD332
INFO: [VRFC 10-311] analyzing module double_sub_compare_eq_im__parameterized0_3_HD371
INFO: [VRFC 10-311] analyzing module double_sub_compare_eq_im__parameterized0_3_HD410
INFO: [VRFC 10-311] analyzing module double_sub_compare_eq_im__parameterized0_3_HD449
INFO: [VRFC 10-311] analyzing module double_sub_compare_eq_im__parameterized0_HD335
INFO: [VRFC 10-311] analyzing module double_sub_compare_eq_im__parameterized0_HD374
INFO: [VRFC 10-311] analyzing module double_sub_compare_eq_im__parameterized0_HD413
INFO: [VRFC 10-311] analyzing module double_sub_compare_eq_im__parameterized0_HD452
INFO: [VRFC 10-311] analyzing module double_sub_compare_gt
INFO: [VRFC 10-311] analyzing module double_sub_compare_gt_1
INFO: [VRFC 10-311] analyzing module double_sub_compare_gt_1_HD343
INFO: [VRFC 10-311] analyzing module double_sub_compare_gt_1_HD382
INFO: [VRFC 10-311] analyzing module double_sub_compare_gt_1_HD421
INFO: [VRFC 10-311] analyzing module double_sub_compare_gt_1_HD460
INFO: [VRFC 10-311] analyzing module double_sub_compare_gt_HD339
INFO: [VRFC 10-311] analyzing module double_sub_compare_gt_HD378
INFO: [VRFC 10-311] analyzing module double_sub_compare_gt_HD417
INFO: [VRFC 10-311] analyzing module double_sub_compare_gt_HD456
INFO: [VRFC 10-311] analyzing module double_sub_floating_point_v7_1_13
INFO: [VRFC 10-311] analyzing module double_sub_floating_point_v7_1_13_HD317
INFO: [VRFC 10-311] analyzing module double_sub_floating_point_v7_1_13_HD356
INFO: [VRFC 10-311] analyzing module double_sub_floating_point_v7_1_13_HD395
INFO: [VRFC 10-311] analyzing module double_sub_floating_point_v7_1_13_HD434
INFO: [VRFC 10-311] analyzing module double_sub_floating_point_v7_1_13_viv
INFO: [VRFC 10-311] analyzing module double_sub_floating_point_v7_1_13_viv_HD318
INFO: [VRFC 10-311] analyzing module double_sub_floating_point_v7_1_13_viv_HD357
INFO: [VRFC 10-311] analyzing module double_sub_floating_point_v7_1_13_viv_HD396
INFO: [VRFC 10-311] analyzing module double_sub_floating_point_v7_1_13_viv_HD435
INFO: [VRFC 10-311] analyzing module double_sub_flt_add
INFO: [VRFC 10-311] analyzing module double_sub_flt_add_HD319
INFO: [VRFC 10-311] analyzing module double_sub_flt_add_HD358
INFO: [VRFC 10-311] analyzing module double_sub_flt_add_HD397
INFO: [VRFC 10-311] analyzing module double_sub_flt_add_HD436
INFO: [VRFC 10-311] analyzing module double_sub_flt_add_exp
INFO: [VRFC 10-311] analyzing module double_sub_flt_add_exp_HD330
INFO: [VRFC 10-311] analyzing module double_sub_flt_add_exp_HD369
INFO: [VRFC 10-311] analyzing module double_sub_flt_add_exp_HD408
INFO: [VRFC 10-311] analyzing module double_sub_flt_add_exp_HD447
INFO: [VRFC 10-311] analyzing module double_sub_flt_add_logic
INFO: [VRFC 10-311] analyzing module double_sub_flt_add_logic_HD320
INFO: [VRFC 10-311] analyzing module double_sub_flt_add_logic_HD359
INFO: [VRFC 10-311] analyzing module double_sub_flt_add_logic_HD398
INFO: [VRFC 10-311] analyzing module double_sub_flt_add_logic_HD437
INFO: [VRFC 10-311] analyzing module double_sub_flt_dec_op
INFO: [VRFC 10-311] analyzing module double_sub_flt_dec_op_HD354
INFO: [VRFC 10-311] analyzing module double_sub_flt_dec_op_HD393
INFO: [VRFC 10-311] analyzing module double_sub_flt_dec_op_HD432
INFO: [VRFC 10-311] analyzing module double_sub_flt_round_bit
INFO: [VRFC 10-311] analyzing module double_sub_flt_round_bit_HD352
INFO: [VRFC 10-311] analyzing module double_sub_flt_round_bit_HD391
INFO: [VRFC 10-311] analyzing module double_sub_flt_round_bit_HD430
INFO: [VRFC 10-311] analyzing module double_sub_flt_round_bit_HD469
INFO: [VRFC 10-311] analyzing module double_sub_lead_zero_encode
INFO: [VRFC 10-311] analyzing module double_sub_lead_zero_encode_HD346
INFO: [VRFC 10-311] analyzing module double_sub_lead_zero_encode_HD385
INFO: [VRFC 10-311] analyzing module double_sub_lead_zero_encode_HD424
INFO: [VRFC 10-311] analyzing module double_sub_lead_zero_encode_HD463
INFO: [VRFC 10-311] analyzing module double_sub_norm_and_round_logic
INFO: [VRFC 10-311] analyzing module double_sub_norm_and_round_logic_HD345
INFO: [VRFC 10-311] analyzing module double_sub_norm_and_round_logic_HD384
INFO: [VRFC 10-311] analyzing module double_sub_norm_and_round_logic_HD423
INFO: [VRFC 10-311] analyzing module double_sub_norm_and_round_logic_HD462
INFO: [VRFC 10-311] analyzing module double_sub_renorm_and_round_logic
INFO: [VRFC 10-311] analyzing module double_sub_renorm_and_round_logic_HD349
INFO: [VRFC 10-311] analyzing module double_sub_renorm_and_round_logic_HD388
INFO: [VRFC 10-311] analyzing module double_sub_renorm_and_round_logic_HD427
INFO: [VRFC 10-311] analyzing module double_sub_renorm_and_round_logic_HD466
INFO: [VRFC 10-311] analyzing module double_sub_special_detect
INFO: [VRFC 10-311] analyzing module double_sub_special_detect_0
INFO: [VRFC 10-311] analyzing module double_sub_special_detect_0_HD334
INFO: [VRFC 10-311] analyzing module double_sub_special_detect_0_HD373
INFO: [VRFC 10-311] analyzing module double_sub_special_detect_0_HD412
INFO: [VRFC 10-311] analyzing module double_sub_special_detect_0_HD451
INFO: [VRFC 10-311] analyzing module double_sub_special_detect_HD331
INFO: [VRFC 10-311] analyzing module double_sub_special_detect_HD370
INFO: [VRFC 10-311] analyzing module double_sub_special_detect_HD409
INFO: [VRFC 10-311] analyzing module double_sub_special_detect_HD448
INFO: [VRFC 10-311] analyzing module double_sub_zero_det_sel
INFO: [VRFC 10-311] analyzing module double_sub_zero_det_sel_HD323
INFO: [VRFC 10-311] analyzing module double_sub_zero_det_sel_HD362
INFO: [VRFC 10-311] analyzing module double_sub_zero_det_sel_HD401
INFO: [VRFC 10-311] analyzing module double_sub_zero_det_sel_HD440
INFO: [VRFC 10-311] analyzing module glbl
INFO: [VRFC 10-2263] Analyzing Verilog file "D:/ADAM_LAB/IZ_Neuron_FPGA/FPGA_Implementation/DG_granule_model/DG_granule_model.srcs/sim_1/new/DG_granule_model_tb.v" into library xil_defaultlib
INFO: [VRFC 10-311] analyzing module DG_granule_model_tb
